d:\projects visual\tryingout\cp3_project\cp3_project\x64\debug\vc141.pdb
d:\projects visual\tryingout\cp3_project\cp3_project\x64\debug\vc141.idb
d:\projects visual\tryingout\cp3_project\cp3_project\x64\debug\mapgeneration.obj
d:\projects visual\tryingout\cp3_project\cp3_project\x64\debug\main.obj
d:\projects visual\tryingout\cp3_project\cp3_project\x64\debug\interface.obj
d:\projects visual\tryingout\cp3_project\cp3_project\x64\debug\playercharacter.obj
d:\projects visual\tryingout\cp3_project\cp3_project\x64\debug\trap.obj
d:\projects visual\tryingout\cp3_project\cp3_project\x64\debug\status.obj
d:\projects visual\tryingout\cp3_project\cp3_project\x64\debug\potion.obj
d:\projects visual\tryingout\cp3_project\cp3_project\x64\debug\item.obj
d:\projects visual\tryingout\cp3_project\cp3_project\x64\debug\enemy.obj
d:\projects visual\tryingout\cp3_project\cp3_project\x64\debug\character.obj
d:\projects visual\tryingout\cp3_project\cp3_project\x64\debug\boss.obj
d:\projects visual\tryingout\cp3_project\x64\debug\cp3_project.ilk
d:\projects visual\tryingout\cp3_project\x64\debug\cp3_project.exe
d:\projects visual\tryingout\cp3_project\x64\debug\cp3_project.pdb
c:\users\maro9\desktop\cp3\cp3_project\x64\debug\boss.obj
c:\users\maro9\desktop\cp3\cp3_project\x64\debug\character.obj
c:\users\maro9\desktop\cp3\cp3_project\x64\debug\enemy.obj
c:\users\maro9\desktop\cp3\cp3_project\x64\debug\interface.obj
c:\users\maro9\desktop\cp3\cp3_project\x64\debug\item.obj
c:\users\maro9\desktop\cp3\cp3_project\x64\debug\main.obj
c:\users\maro9\desktop\cp3\cp3_project\x64\debug\mapgeneration.obj
c:\users\maro9\desktop\cp3\cp3_project\x64\debug\playercharacter.obj
c:\users\maro9\desktop\cp3\cp3_project\x64\debug\potion.obj
c:\users\maro9\desktop\cp3\cp3_project\x64\debug\status.obj
c:\users\maro9\desktop\cp3\cp3_project\x64\debug\trap.obj
c:\users\maro9\desktop\cp3\cp3_project\x64\debug\vc141.idb
c:\users\maro9\desktop\cp3\cp3_project\x64\debug\vc141.pdb
c:\users\maro9\desktop\cp3\x64\debug\cp3_project.pdb
c:\users\maro9\desktop\cp3\x64\debug\cp3_project.exe
c:\users\maro9\desktop\cp3\x64\debug\cp3_project.ilk
c:\users\maro9\desktop\cp3\cp3_project\x64\debug\cp3_project.tlog\cl.command.1.tlog
c:\users\maro9\desktop\cp3\cp3_project\x64\debug\cp3_project.tlog\cl.read.1.tlog
c:\users\maro9\desktop\cp3\cp3_project\x64\debug\cp3_project.tlog\cl.write.1.tlog
c:\users\maro9\desktop\cp3\cp3_project\x64\debug\cp3_project.tlog\link.command.1.tlog
c:\users\maro9\desktop\cp3\cp3_project\x64\debug\cp3_project.tlog\link.read.1.tlog
c:\users\maro9\desktop\cp3\cp3_project\x64\debug\cp3_project.tlog\link.write.1.tlog
